<?xml version="1.0" encoding="UTF-8"?>
<!-- Generated by org.testng.reporters.JUnitReportReporter -->
<testsuite hostname="DESKTOP-E6JIKVI" failures="0" tests="2" name="TestNGTutorial.BasicsTest3" time="0.006" errors="0" timestamp="2024-10-07T23:23:07 IST" skipped="0">
  <testcase classname="TestNGTutorial.BasicsTest3" name="demoTestprimi3" time="0.003"/>
  <system-out/>
  <testcase classname="TestNGTutorial.BasicsTest3" name="demoTestMod3" time="0.003"/>
  <system-out/>
</testsuite> <!-- TestNGTutorial.BasicsTest3 -->
