<?xml version="1.0" encoding="UTF-8"?>
<!-- Generated by org.testng.reporters.JUnitReportReporter -->
<testsuite hostname="DESKTOP-E6JIKVI" failures="0" tests="3" name="TestNGTutorial.BasicsTest4" time="0.014" errors="0" timestamp="2024-10-07T23:23:07 IST" skipped="0">
  <testcase classname="TestNGTutorial.BasicsTest4" name="demoTestMod4" time="0.003"/>
  <system-out/>
  <testcase classname="TestNGTutorial.BasicsTest4" name="demoTestprim4" time="0.002"/>
  <system-out/>
  <testcase classname="TestNGTutorial.BasicsTest4" name="demoTestprim5" time="0.009"/>
  <system-out/>
</testsuite> <!-- TestNGTutorial.BasicsTest4 -->
