<?xml version="1.0" encoding="UTF-8"?>
<!-- Generated by org.testng.reporters.JUnitReportReporter -->
<testsuite hostname="DESKTOP-E6JIKVI" failures="0" tests="2" name="TestNGTutorial.BasicsTest1" time="0.021" errors="0" timestamp="2024-10-07T23:23:07 IST" skipped="0">
  <testcase classname="TestNGTutorial.BasicsTest1" name="demoTest" time="0.015"/>
  <system-out/>
  <testcase classname="TestNGTutorial.BasicsTest1" name="demoTest1" time="0.006"/>
  <system-out/>
</testsuite> <!-- TestNGTutorial.BasicsTest1 -->
