<?xml version="1.0" encoding="UTF-8"?>
<!-- Generated by org.testng.reporters.JUnitReportReporter -->
<testsuite hostname="DESKTOP-E6JIKVI" failures="0" tests="3" name="TestNGTutorial.BasicsTest2" time="0.011" errors="0" timestamp="2024-10-07T23:23:07 IST" skipped="1">
  <testcase classname="TestNGTutorial.BasicsTest2" name="APIloginCar" time="0.003"/>
  <system-out/>
  <testcase classname="TestNGTutorial.BasicsTest2" name="WebLoginCar" time="0.008"/>
  <system-out/>
  <testcase classname="TestNGTutorial.BasicsTest2" name="demoTest">
    <skipped/>
  </testcase> <!-- demoTest -->
  <system-out/>
</testsuite> <!-- TestNGTutorial.BasicsTest2 -->
